TN:
SF:src/app.controller.ts
FN:6,constructor
FN:8,getHello
FNF:2
FNH:2
FNDA:1,constructor
FNDA:1,getHello
DA:4,1
DA:5,1
DA:6,1
DA:10,1
LF:4
LH:4
BRDA:4,0,0,0
BRDA:4,0,1,1
BRF:2
BRH:1
end_of_record
TN:
SF:src/app.service.ts
FN:5,getHello
FNF:1
FNH:1
FNDA:1,getHello
DA:3,1
DA:4,1
DA:6,1
LF:3
LH:3
BRF:0
BRH:0
end_of_record
TN:
SF:src/common/roles.ts
FN:16,firstValue
FN:21,extractActor
FN:28,forbidden
FN:33,assertUnderwriter
FN:43,assertCanAccessApplication
FNF:5
FNH:5
FNDA:32,firstValue
FNDA:16,extractActor
FNDA:11,forbidden
FNDA:7,assertUnderwriter
FNDA:13,assertCanAccessApplication
DA:4,5
DA:17,32
DA:22,16
DA:29,11
DA:34,7
DA:35,5
DA:44,13
DA:45,2
DA:47,11
DA:48,5
DA:50,6
LF:11
LH:11
BRDA:17,0,0,0
BRDA:17,0,1,32
BRDA:34,1,0,5
BRDA:34,1,1,2
BRDA:44,2,0,2
BRDA:44,2,1,11
BRDA:47,3,0,5
BRDA:47,3,1,6
BRDA:47,4,0,11
BRDA:47,4,1,10
BRF:10
BRH:9
end_of_record
TN:
SF:src/domain/application-state.ts
FN:16,isActiveState
FNF:1
FNH:0
FNDA:0,isActiveState
DA:1,9
DA:14,9
DA:17,0
LF:3
LH:2
BRF:0
BRH:0
end_of_record
TN:
SF:src/domain/exceptions.ts
FN:5,constructor
FN:15,constructor_2
FN:25,constructor_3
FNF:3
FNH:3
FNDA:1,constructor
FNDA:2,constructor_2
FNDA:1,constructor_3
DA:6,1
DA:16,2
DA:26,1
LF:3
LH:3
BRF:0
BRH:0
end_of_record
TN:
SF:src/domain/money.ts
FN:10,constructor
FN:14,of
FN:18,zero
FN:22,plus
FN:26,minus
FN:30,times
FN:34,dividedBy
FN:38,isGreaterThan
FN:42,isLessThan
FN:46,toDecimal
FN:51,toFixedString
FNF:11
FNH:8
FNDA:2036,constructor
FNDA:9,of
FNDA:9,zero
FNDA:0,plus
FNDA:0,minus
FNDA:1,times
FNDA:2,dividedBy
FNDA:0,isGreaterThan
FNDA:5,isLessThan
FNDA:1006,toDecimal
FNDA:1015,toFixedString
DA:11,2036
DA:15,2033
DA:19,0
DA:23,0
DA:27,0
DA:31,1
DA:35,2
DA:39,0
DA:43,5
DA:47,1006
DA:52,1015
LF:11
LH:7
BRDA:51,0,0,1015
BRF:1
BRH:1
end_of_record
TN:
SF:src/modules/disbursement/controller/disbursement.controller.ts
FN:8,constructor
FN:15,acceptOffer
FNF:2
FNH:2
FNDA:3,constructor
FNDA:3,acceptOffer
DA:6,1
DA:7,1
DA:9,3
DA:10,3
DA:16,3
DA:17,3
DA:18,3
DA:19,1
DA:21,2
DA:22,2
LF:10
LH:10
BRDA:18,0,0,1
BRDA:18,0,1,2
BRDA:6,1,0,0
BRDA:6,1,1,2
BRF:4
BRH:3
end_of_record
TN:
SF:src/modules/disbursement/repository/applicant-account.repository.ts
FN:15,constructor
FN:17,findAccountNumber
FNF:2
FNH:0
FNDA:0,constructor
FNDA:0,findAccountNumber
DA:11,2
DA:14,2
DA:15,0
DA:18,0
DA:19,0
LF:5
LH:2
BRDA:19,0,0,0
BRDA:19,0,1,0
BRF:2
BRH:0
end_of_record
TN:
SF:src/modules/disbursement/repository/disbursement.repository.ts
FN:17,constructor
FN:21,save
FN:26,findByApplicationId
FNF:3
FNH:0
FNDA:0,constructor
FNDA:0,save
FNDA:0,findByApplicationId
DA:13,2
DA:16,2
DA:18,0
DA:22,0
DA:23,0
DA:27,0
LF:6
LH:2
BRF:0
BRH:0
end_of_record
TN:
SF:src/modules/disbursement/schema/disbursement-record.schema.ts
FNF:0
FNH:0
DA:7,2
DA:8,2
DA:9,2
DA:13,2
DA:16,2
DA:20,2
DA:23,2
DA:26,2
DA:30,2
LF:9
LH:9
BRDA:26,0,0,0
BRDA:26,0,1,2
BRF:2
BRH:1
end_of_record
TN:
SF:src/modules/disbursement/service/disbursement.service.ts
FN:20,constructor
FN:35,acceptOffer
FN:59,(anonymous_2)
FNF:3
FNH:3
FNDA:4,constructor
FNDA:5,acceptOffer
FNDA:5,(anonymous_2)
DA:17,2
DA:18,4
DA:21,4
DA:22,4
DA:23,4
DA:24,4
DA:25,4
DA:26,4
DA:27,4
DA:36,5
DA:37,5
DA:38,0
DA:41,5
DA:42,5
DA:43,0
DA:46,5
DA:47,5
DA:48,0
DA:51,5
DA:56,5
DA:57,5
DA:59,5
DA:60,5
DA:61,4
DA:69,4
DA:71,4
DA:72,4
DA:74,5
LF:28
LH:25
BRDA:37,0,0,0
BRDA:37,0,1,5
BRDA:42,1,0,0
BRDA:42,1,1,5
BRDA:47,2,0,0
BRDA:47,2,1,5
BRF:6
BRH:3
end_of_record
TN:
SF:src/modules/disbursement/service/stub-payout.adapter.ts
FN:13,pay
FN:22,maskAccountNumber
FNF:2
FNH:2
FNDA:5,pay
FNDA:5,maskAccountNumber
DA:11,2
DA:12,2
DA:14,5
DA:23,5
LF:4
LH:4
BRF:0
BRH:0
end_of_record
TN:
SF:src/modules/eligibility/config/eligibility.config.ts
FNF:0
FNH:0
DA:1,1
DA:9,1
LF:2
LH:2
BRF:0
BRH:0
end_of_record
TN:
SF:src/modules/eligibility/repository/applicant.repository.ts
FN:14,constructor
FN:16,findByApplicantId
FNF:2
FNH:0
FNDA:0,constructor
FNDA:0,findByApplicantId
DA:10,1
DA:13,1
DA:14,0
DA:17,0
LF:4
LH:2
BRF:0
BRH:0
end_of_record
TN:
SF:src/modules/eligibility/schema/applicant.schema.ts
FNF:0
FNH:0
DA:10,3
DA:11,3
DA:12,3
DA:15,3
DA:18,3
DA:21,3
DA:24,3
DA:28,3
DA:32,3
LF:9
LH:9
BRF:0
BRH:0
end_of_record
TN:
SF:src/modules/eligibility/service/bureau-stub.service.ts
FN:17,pull
FNF:1
FNH:0
FNDA:0,pull
DA:10,1
DA:11,1
DA:12,1
DA:15,1
DA:16,1
DA:18,0
DA:19,0
DA:20,0
DA:22,0
DA:23,0
DA:27,0
LF:11
LH:5
BRF:0
BRH:0
end_of_record
TN:
SF:src/modules/eligibility/service/eligibility.service.ts
FN:20,constructor
FN:27,evaluate
FN:64,reject
FNF:3
FNH:3
FNDA:5,constructor
FNDA:5,evaluate
FNDA:4,reject
DA:19,1
DA:21,5
DA:22,5
DA:23,5
DA:24,5
DA:28,5
DA:29,5
DA:30,0
DA:33,5
DA:36,5
DA:37,1
DA:40,4
DA:41,5
DA:42,1
DA:45,3
DA:50,1
DA:54,2
DA:55,2
DA:57,2
DA:58,1
DA:61,1
DA:70,4
DA:71,4
LF:23
LH:22
BRDA:29,0,0,0
BRDA:29,0,1,5
BRDA:36,1,0,1
BRDA:36,1,1,4
BRDA:41,2,0,1
BRDA:41,2,1,4
BRDA:41,3,0,5
BRDA:41,3,1,4
BRDA:41,3,2,3
BRDA:45,4,0,1
BRDA:45,4,1,2
BRDA:57,5,0,1
BRDA:57,5,1,1
BRF:13
BRH:12
end_of_record
TN:
SF:src/modules/intake/controller/intake.controller.ts
FN:8,constructor
FN:11,submit
FN:22,getById
FNF:3
FNH:3
FNDA:5,constructor
FNDA:1,submit
FNDA:4,getById
DA:6,1
DA:7,1
DA:8,5
DA:13,1
DA:14,1
DA:15,1
DA:17,0
DA:23,4
DA:24,4
DA:25,4
DA:26,1
DA:28,3
DA:29,3
LF:13
LH:12
BRDA:14,0,0,1
BRDA:14,0,1,0
BRDA:25,1,0,1
BRDA:25,1,1,3
BRDA:6,2,0,0
BRDA:6,2,1,1
BRF:6
BRH:4
end_of_record
TN:
SF:src/modules/intake/dto/create-application.dto.ts
FNF:0
FNH:0
LF:0
LH:0
BRF:0
BRH:0
end_of_record
TN:
SF:src/modules/intake/repository/intake.repository.ts
FN:21,constructor
FN:23,create
FN:28,findActiveByApplicantAndProduct
FN:37,(anonymous_3)
FN:40,findByApplicationId
FNF:5
FNH:0
FNDA:0,constructor
FNDA:0,create
FNDA:0,findActiveByApplicantAndProduct
FNDA:0,(anonymous_3)
FNDA:0,findByApplicationId
DA:17,9
DA:20,9
DA:21,0
DA:24,0
DA:25,0
DA:33,0
DA:37,0
DA:41,0
LF:8
LH:2
BRDA:37,0,0,0
BRDA:37,0,1,0
BRF:2
BRH:0
end_of_record
TN:
SF:src/modules/intake/schema/application.schema.ts
FNF:0
FNH:0
DA:7,9
DA:8,9
DA:9,9
DA:12,9
DA:15,9
DA:19,9
DA:22,9
DA:25,9
DA:29,9
DA:32,9
DA:35,9
DA:44,9
LF:12
LH:12
BRDA:40,0,0,0
BRDA:40,0,1,9
BRF:2
BRH:1
end_of_record
TN:
SF:src/modules/intake/service/intake.service.ts
FN:16,constructor
FN:18,submit
FN:44,findById
FNF:3
FNH:2
FNDA:3,constructor
FNDA:6,submit
FNDA:0,findById
DA:12,9
DA:15,9
DA:16,3
DA:19,6
DA:20,6
DA:25,6
DA:26,1
DA:29,5
DA:41,5
DA:45,0
LF:10
LH:9
BRDA:25,0,0,1
BRDA:25,0,1,5
BRF:2
BRH:2
end_of_record
TN:
SF:src/modules/pricing/config/rate-bands.config.ts
FNF:0
FNH:0
DA:11,4
LF:1
LH:1
BRF:0
BRH:0
end_of_record
TN:
SF:src/modules/pricing/controller/pricing.controller.ts
FN:8,constructor
FN:15,getOffer
FNF:2
FNH:2
FNDA:3,constructor
FNDA:3,getOffer
DA:6,1
DA:7,1
DA:9,3
DA:10,3
DA:16,3
DA:17,3
DA:18,3
DA:19,0
DA:21,3
DA:23,3
DA:24,2
DA:25,1
DA:27,1
LF:13
LH:12
BRDA:18,0,0,0
BRDA:18,0,1,3
BRDA:24,1,0,1
BRDA:24,1,1,1
BRDA:6,2,0,0
BRDA:6,2,1,2
BRF:6
BRH:4
end_of_record
TN:
SF:src/modules/pricing/repository/pricing.repository.ts
FN:15,constructor
FN:17,save
FN:25,findByApplicationId
FNF:3
FNH:0
FNDA:0,constructor
FNDA:0,save
FNDA:0,findByApplicationId
DA:11,4
DA:14,4
DA:15,0
DA:18,0
DA:22,0
DA:26,0
LF:6
LH:2
BRF:0
BRH:0
end_of_record
TN:
SF:src/modules/pricing/schema/offer.schema.ts
FNF:0
FNH:0
DA:6,4
DA:7,4
DA:8,4
DA:11,4
DA:15,4
DA:19,4
DA:22,4
DA:26,4
DA:30,4
LF:9
LH:9
BRF:0
BRH:0
end_of_record
TN:
SF:src/modules/pricing/service/pricing.service.ts
FN:12,constructor
FN:18,assignRateBand
FN:19,(anonymous_2)
FN:27,computeEmi
FN:35,priceApplication
FN:59,getOffer
FNF:6
FNH:5
FNDA:5,constructor
FNDA:5,assignRateBand
FNDA:8,(anonymous_2)
FNDA:1002,computeEmi
FNDA:1,priceApplication
FNDA:0,getOffer
DA:11,4
DA:13,5
DA:14,5
DA:19,8
DA:20,5
DA:28,1002
DA:29,1002
DA:30,1002
DA:31,1002
DA:32,1002
DA:36,1
DA:37,1
DA:38,0
DA:41,1
DA:42,1
DA:43,1
DA:44,1
DA:45,1
DA:47,1
DA:56,1
DA:60,0
LF:21
LH:19
BRDA:20,0,0,5
BRDA:20,0,1,0
BRDA:37,1,0,0
BRDA:37,1,1,1
BRF:4
BRH:2
end_of_record
TN:
SF:src/modules/underwriting/controller/underwriting.controller.ts
FN:14,constructor
FN:17,getQueue
FN:24,decide
FNF:3
FNH:3
FNDA:4,constructor
FNDA:3,getQueue
FNDA:1,decide
DA:12,1
DA:13,1
DA:14,4
DA:19,3
DA:20,3
DA:30,1
DA:31,1
LF:7
LH:7
BRDA:12,0,0,0
BRDA:12,0,1,1
BRF:2
BRH:1
end_of_record
TN:
SF:src/modules/underwriting/repository/decision.repository.ts
FN:17,constructor
FN:21,record
FN:26,findByApplicationId
FNF:3
FNH:0
FNDA:0,constructor
FNDA:0,record
FNDA:0,findByApplicationId
DA:13,5
DA:16,5
DA:18,0
DA:22,0
DA:23,0
DA:27,0
LF:6
LH:2
BRF:0
BRH:0
end_of_record
TN:
SF:src/modules/underwriting/repository/underwriting.repository.ts
FN:26,constructor
FN:28,transition
FN:44,findQueue
FNF:3
FNH:0
FNDA:0,constructor
FNDA:0,transition
FNDA:0,findQueue
DA:22,5
DA:25,5
DA:26,0
DA:34,0
DA:45,0
LF:5
LH:2
BRF:0
BRH:0
end_of_record
TN:
SF:src/modules/underwriting/schema/decision-record.schema.ts
FNF:0
FNH:0
DA:6,5
DA:15,5
DA:16,5
DA:17,5
DA:20,5
DA:23,5
DA:26,5
DA:29,5
DA:33,5
LF:9
LH:9
BRDA:29,0,0,0
BRDA:29,0,1,5
BRF:2
BRH:1
end_of_record
TN:
SF:src/modules/underwriting/service/state-machine.ts
FN:19,assertTransitionAllowed
FNF:1
FNH:1
FNDA:7,assertTransitionAllowed
DA:5,5
DA:24,7
DA:25,1
LF:3
LH:3
BRDA:24,0,0,1
BRDA:24,0,1,6
BRF:2
BRH:2
end_of_record
TN:
SF:src/modules/underwriting/service/underwriting.service.ts
FN:23,constructor
FN:31,transition
FN:51,decide
FN:61,(anonymous_3)
FN:73,getQueue
FNF:5
FNH:4
FNDA:5,constructor
FNDA:7,transition
FNDA:4,decide
FNDA:4,(anonymous_3)
FNDA:0,getQueue
DA:15,5
DA:22,5
DA:24,5
DA:25,5
DA:26,5
DA:27,5
DA:36,7
DA:37,7
DA:38,0
DA:41,7
DA:43,7
DA:44,6
DA:45,1
DA:47,5
DA:57,4
DA:58,4
DA:59,4
DA:61,4
DA:62,4
DA:63,3
DA:64,3
DA:66,3
DA:68,4
DA:74,0
LF:24
LH:22
BRDA:37,0,0,0
BRDA:37,0,1,7
BRDA:44,1,0,1
BRDA:44,1,1,5
BRF:4
BRH:3
end_of_record
